This is pdfTeX, Version 3.141592653-2.6-1.40.24 (MiKTeX 22.1) (preloaded format=pdflatex 2023.2.2)  2 FEB 2023 23:38
entering extended mode
 restricted \write18 enabled.
 file:line:error style messages enabled.
 %&-line parsing enabled.
**/Users/kwangjong/Programming/CS577/HW1/hw1_source/hw1_source.tex
(/Users/kwangjong/Programming/CS577/HW1/hw1_source/hw1_source.tex
LaTeX2e <2022-11-01> patch level 1
L3 programming layer <2023-01-24> (/Users/kwangjong/Library/Application Support/MiKTeX/texmfs/install/tex/latex/exam/exam.cls
Document Class: exam 2021/02/26 Version 2.7 by Philip Hirschhorn
(/Users/kwangjong/Library/Application Support/MiKTeX/texmfs/install/tex/latex/base/ifthen.sty
Package: ifthen 2022/04/13 v1.1d Standard LaTeX ifthen package (DPC)
) (/Users/kwangjong/Library/Application Support/MiKTeX/texmfs/install/tex/latex/base/article.cls
Document Class: article 2022/07/02 v1.4n Standard LaTeX document class
(/Users/kwangjong/Library/Application Support/MiKTeX/texmfs/install/tex/latex/base/size10.clo
File: size10.clo 2022/07/02 v1.4n Standard LaTeX file (size option)
)
\c@part=\count185
\c@section=\count186
\c@subsection=\count187
\c@subsubsection=\count188
\c@paragraph=\count189
\c@subparagraph=\count190
\c@figure=\count191
\c@table=\count192
\abovecaptionskip=\skip48
\belowcaptionskip=\skip49
\bibindent=\dimen140
)
\@extrawidth=\skip50
\@rightmargin=\skip51
\@extrahead=\skip52
\@extrafoot=\skip53
\run@exhd=\skip54
\fp@exhd=\skip55
\run@exft=\skip56
\fp@exft=\skip57
\covrun@exhd=\skip58
\covfp@exhd=\skip59
\covrun@exft=\skip60
\covfp@exft=\skip61
\c@num@coverpages=\count193
\c@latest@ques=\count194
\c@ques@end=\count195
\c@last@object=\count196
\c@incmp@ques=\count197
\c@next@ques=\count198
\c@next@page=\count199
\c@tmp@hlfcntr=\count266
\c@ifpos@cntr=\count267
\c@question=\count268
\c@partno=\count269
\c@subpart=\count270
\c@subsubpart=\count271
\c@choice=\count272
\c@numpoints=\count273
\c@numbonuspoints=\count274
\c@pointsof@thisquestion=\count275
\c@bonuspointsof@thisquestion=\count276
\c@numquestions=\count277
\c@numparts=\count278
\c@numsubparts=\count279
\c@numsubsubparts=\count280
\c@Curr@Page=\count281
\c@@pagepoints=\count282
\c@@pagebonuspoints=\count283
\c@pageof@pagepoints=\count284
\c@pageof@pagebonuspoints=\count285
\c@latest@points=\count286
\c@latest@bonuspoints=\count287
\pageinfo@commands=\toks16
\temp@toks=\toks17
\pagepoint@commands=\toks18
\point@toks=\toks19
\c@ques@object=\count288
\marginpointssep=\skip62
\rightpointsmargin=\skip63
\choice@toks=\toks20
\answerlinelength=\skip64
\answerskip=\skip65
\answerclearance=\skip66
\fillinlinelength=\skip67
\linefillheight=\skip68
\linefillthickness=\skip69
\dottedlinefillheight=\skip70
\gridsize=\skip71
\gridlinewidth=\skip72
\minboxheight=\skip73
\c@@iterator=\count289
\@cellwidth=\skip74
\c@tbl@points=\count290
\c@tbl@bonuspoints=\count291
\c@pq@index=\count292
\c@pq@index@pts=\count293
\c@pq@index@bpts=\count294
\c@num@cols=\count295
\c@num@rows=\count296
\c@current@row=\count297
\c@cols@done=\count298
\exam@box=\box51
\saved@totalleftmargin=\dimen141
\@sollistdepth=\count299
\exam@FrameRule=\dimen142
\exam@FrameSep=\dimen143
) (/Users/kwangjong/Library/Application Support/MiKTeX/texmfs/install/tex/latex/base/inputenc.sty
Package: inputenc 2021/02/14 v1.3d Input encoding file
\inpenc@prehook=\toks21
\inpenc@posthook=\toks22
) (/Users/kwangjong/Library/Application Support/MiKTeX/texmfs/install/tex/latex/base/fontenc.sty
Package: fontenc 2021/04/29 v2.0v Standard LaTeX package
) (/Users/kwangjong/Library/Application Support/MiKTeX/texmfs/install/tex/latex/amsmath/amsmath.sty
Package: amsmath 2022/04/08 v2.17n AMS math features
\@mathmargin=\skip75

For additional information on amsmath, use the `?' option.
(/Users/kwangjong/Library/Application Support/MiKTeX/texmfs/install/tex/latex/amsmath/amstext.sty
Package: amstext 2021/08/26 v2.01 AMS text
 (/Users/kwangjong/Library/Application Support/MiKTeX/texmfs/install/tex/latex/amsmath/amsgen.sty
File: amsgen.sty 1999/11/30 v2.0 generic functions
\@emptytoks=\toks23
\ex@=\dimen144
)) (/Users/kwangjong/Library/Application Support/MiKTeX/texmfs/install/tex/latex/amsmath/amsbsy.sty
Package: amsbsy 1999/11/29 v1.2d Bold Symbols
\pmbraise@=\dimen145
) (/Users/kwangjong/Library/Application Support/MiKTeX/texmfs/install/tex/latex/amsmath/amsopn.sty
Package: amsopn 2022/04/08 v2.04 operator names
)
\inf@bad=\count300
LaTeX Info: Redefining \frac on input line 234.
\uproot@=\count301
\leftroot@=\count302
LaTeX Info: Redefining \overline on input line 399.
LaTeX Info: Redefining \colon on input line 410.
\classnum@=\count303
\DOTSCASE@=\count304
LaTeX Info: Redefining \ldots on input line 496.
LaTeX Info: Redefining \dots on input line 499.
LaTeX Info: Redefining \cdots on input line 620.
\Mathstrutbox@=\box52
\strutbox@=\box53
LaTeX Info: Redefining \big on input line 722.
LaTeX Info: Redefining \Big on input line 723.
LaTeX Info: Redefining \bigg on input line 724.
LaTeX Info: Redefining \Bigg on input line 725.
\big@size=\dimen146
LaTeX Font Info:    Redeclaring font encoding OML on input line 743.
LaTeX Font Info:    Redeclaring font encoding OMS on input line 744.
\macc@depth=\count305
LaTeX Info: Redefining \bmod on input line 905.
LaTeX Info: Redefining \pmod on input line 910.
LaTeX Info: Redefining \smash on input line 940.
LaTeX Info: Redefining \relbar on input line 970.
LaTeX Info: Redefining \Relbar on input line 971.
\c@MaxMatrixCols=\count306
\dotsspace@=\muskip16
\c@parentequation=\count307
\dspbrk@lvl=\count308
\tag@help=\toks24
\row@=\count309
\column@=\count310
\maxfields@=\count311
\andhelp@=\toks25
\eqnshift@=\dimen147
\alignsep@=\dimen148
\tagshift@=\dimen149
\tagwidth@=\dimen150
\totwidth@=\dimen151
\lineht@=\dimen152
\@envbody=\toks26
\multlinegap=\skip76
\multlinetaggap=\skip77
\mathdisplay@stack=\toks27
LaTeX Info: Redefining \[ on input line 2953.
LaTeX Info: Redefining \] on input line 2954.
) (/Users/kwangjong/Library/Application Support/MiKTeX/texmfs/install/tex/latex/amsfonts/amsfonts.sty
Package: amsfonts 2013/01/14 v3.01 Basic AMSFonts support
\symAMSa=\mathgroup4
\symAMSb=\mathgroup5
LaTeX Font Info:    Redeclaring math symbol \hbar on input line 98.
LaTeX Font Info:    Overwriting math alphabet `\mathfrak' in version `bold'
(Font)                  U/euf/m/n --> U/euf/b/n on input line 106.
) (/Users/kwangjong/Library/Application Support/MiKTeX/texmfs/install/tex/latex/amscls/amsthm.sty
Package: amsthm 2020/05/29 v2.20.6
\thm@style=\toks28
\thm@bodyfont=\toks29
\thm@headfont=\toks30
\thm@notefont=\toks31
\thm@headpunct=\toks32
\thm@preskip=\skip78
\thm@postskip=\skip79
\thm@headsep=\skip80
\dth@everypar=\toks33
) (/Users/kwangjong/Library/Application Support/MiKTeX/texmfs/install/tex/latex/amsfonts/amssymb.sty
Package: amssymb 2013/01/14 v3.01 AMS font symbols
) (/Users/kwangjong/Library/Application Support/MiKTeX/texmfs/install/tex/latex/booktabs/booktabs.sty
Package: booktabs 2020/01/12 v1.61803398 Publication quality tables
\heavyrulewidth=\dimen153
\lightrulewidth=\dimen154
\cmidrulewidth=\dimen155
\belowrulesep=\dimen156
\belowbottomsep=\dimen157
\aboverulesep=\dimen158
\abovetopsep=\dimen159
\cmidrulesep=\dimen160
\cmidrulekern=\dimen161
\defaultaddspace=\dimen162
\@cmidla=\count312
\@cmidlb=\count313
\@aboverulesep=\dimen163
\@belowrulesep=\dimen164
\@thisruleclass=\count314
\@lastruleclass=\count315
\@thisrulewidth=\dimen165
) (/Users/kwangjong/Library/Application Support/MiKTeX/texmfs/install/tex/latex/forest/forest.sty
Package: forest 2017/07/14 v2.1.5 Drawing (linguistic) trees
 (/Users/kwangjong/Library/Application Support/MiKTeX/texmfs/install/tex/latex/pgf/frontendlayer/tikz.sty (/Users/kwangjong/Library/Application Support/MiKTeX/texmfs/install/tex/latex/pgf/basiclayer/pgf.sty (/Users/kwangjong/Library/Application Support/MiKTeX/texmfs/install/tex/latex/pgf/utilities/pgfrcs.sty (/Users/kwangjong/Library/Application Support/MiKTeX/texmfs/install/tex/generic/pgf/utilities/pgfutil-common.tex
\pgfutil@everybye=\toks34
\pgfutil@tempdima=\dimen166
\pgfutil@tempdimb=\dimen167
) (/Users/kwangjong/Library/Application Support/MiKTeX/texmfs/install/tex/generic/pgf/utilities/pgfutil-latex.def
\pgfutil@abb=\box54
) (/Users/kwangjong/Library/Application Support/MiKTeX/texmfs/install/tex/generic/pgf/utilities/pgfrcs.code.tex (/Users/kwangjong/Library/Application Support/MiKTeX/texmfs/install/tex/generic/pgf/pgf.revision.tex)
Package: pgfrcs 2023-01-15 v3.1.10 (3.1.10)
))
Package: pgf 2023-01-15 v3.1.10 (3.1.10)
 (/Users/kwangjong/Library/Application Support/MiKTeX/texmfs/install/tex/latex/pgf/basiclayer/pgfcore.sty (/Users/kwangjong/Library/Application Support/MiKTeX/texmfs/install/tex/latex/graphics/graphicx.sty
Package: graphicx 2021/09/16 v1.2d Enhanced LaTeX Graphics (DPC,SPQR)
 (/Users/kwangjong/Library/Application Support/MiKTeX/texmfs/install/tex/latex/graphics/keyval.sty
Package: keyval 2022/05/29 v1.15 key=value parser (DPC)
\KV@toks@=\toks35
) (/Users/kwangjong/Library/Application Support/MiKTeX/texmfs/install/tex/latex/graphics/graphics.sty
Package: graphics 2022/03/10 v1.4e Standard LaTeX Graphics (DPC,SPQR)
 (/Users/kwangjong/Library/Application Support/MiKTeX/texmfs/install/tex/latex/graphics/trig.sty
Package: trig 2021/08/11 v1.11 sin cos tan (DPC)
) (/Users/kwangjong/Library/Application Support/MiKTeX/texmfs/install/tex/latex/graphics-cfg/graphics.cfg
File: graphics.cfg 2016/06/04 v1.11 sample graphics configuration
)
Package graphics Info: Driver file: pdftex.def on input line 107.
 (/Users/kwangjong/Library/Application Support/MiKTeX/texmfs/install/tex/latex/graphics-def/pdftex.def
File: pdftex.def 2022/09/22 v1.2b Graphics/color driver for pdftex
))
\Gin@req@height=\dimen168
\Gin@req@width=\dimen169
) (/Users/kwangjong/Library/Application Support/MiKTeX/texmfs/install/tex/latex/pgf/systemlayer/pgfsys.sty (/Users/kwangjong/Library/Application Support/MiKTeX/texmfs/install/tex/generic/pgf/systemlayer/pgfsys.code.tex
Package: pgfsys 2023-01-15 v3.1.10 (3.1.10)
 (/Users/kwangjong/Library/Application Support/MiKTeX/texmfs/install/tex/generic/pgf/utilities/pgfkeys.code.tex
\pgfkeys@pathtoks=\toks36
\pgfkeys@temptoks=\toks37
 (/Users/kwangjong/Library/Application Support/MiKTeX/texmfs/install/tex/generic/pgf/utilities/pgfkeyslibraryfiltered.code.tex
\pgfkeys@tmptoks=\toks38
))
\pgf@x=\dimen170
\pgf@y=\dimen171
\pgf@xa=\dimen172
\pgf@ya=\dimen173
\pgf@xb=\dimen174
\pgf@yb=\dimen175
\pgf@xc=\dimen176
\pgf@yc=\dimen177
\pgf@xd=\dimen178
\pgf@yd=\dimen179
\w@pgf@writea=\write3
\r@pgf@reada=\read2
\c@pgf@counta=\count316
\c@pgf@countb=\count317
\c@pgf@countc=\count318
\c@pgf@countd=\count319
\t@pgf@toka=\toks39
\t@pgf@tokb=\toks40
\t@pgf@tokc=\toks41
\pgf@sys@id@count=\count320
 (/Users/kwangjong/Library/Application Support/MiKTeX/texmfs/install/tex/generic/pgf/systemlayer/pgf.cfg
File: pgf.cfg 2023-01-15 v3.1.10 (3.1.10)
)
Driver file for pgf: pgfsys-pdftex.def
 (/Users/kwangjong/Library/Application Support/MiKTeX/texmfs/install/tex/generic/pgf/systemlayer/pgfsys-pdftex.def
File: pgfsys-pdftex.def 2023-01-15 v3.1.10 (3.1.10)
 (/Users/kwangjong/Library/Application Support/MiKTeX/texmfs/install/tex/generic/pgf/systemlayer/pgfsys-common-pdf.def
File: pgfsys-common-pdf.def 2023-01-15 v3.1.10 (3.1.10)
))) (/Users/kwangjong/Library/Application Support/MiKTeX/texmfs/install/tex/generic/pgf/systemlayer/pgfsyssoftpath.code.tex
File: pgfsyssoftpath.code.tex 2023-01-15 v3.1.10 (3.1.10)
\pgfsyssoftpath@smallbuffer@items=\count321
\pgfsyssoftpath@bigbuffer@items=\count322
) (/Users/kwangjong/Library/Application Support/MiKTeX/texmfs/install/tex/generic/pgf/systemlayer/pgfsysprotocol.code.tex
File: pgfsysprotocol.code.tex 2023-01-15 v3.1.10 (3.1.10)
)) (/Users/kwangjong/Library/Application Support/MiKTeX/texmfs/install/tex/latex/xcolor/xcolor.sty
Package: xcolor 2022/06/12 v2.14 LaTeX color extensions (UK)
 (/Users/kwangjong/Library/Application Support/MiKTeX/texmfs/install/tex/latex/graphics-cfg/color.cfg
File: color.cfg 2016/01/02 v1.6 sample color configuration
)
Package xcolor Info: Driver file: pdftex.def on input line 227.
 (/Users/kwangjong/Library/Application Support/MiKTeX/texmfs/install/tex/latex/graphics/mathcolor.ltx)
Package xcolor Info: Model `cmy' substituted by `cmy0' on input line 1353.
Package xcolor Info: Model `hsb' substituted by `rgb' on input line 1357.
Package xcolor Info: Model `RGB' extended on input line 1369.
Package xcolor Info: Model `HTML' substituted by `rgb' on input line 1371.
Package xcolor Info: Model `Hsb' substituted by `hsb' on input line 1372.
Package xcolor Info: Model `tHsb' substituted by `hsb' on input line 1373.
Package xcolor Info: Model `HSB' substituted by `hsb' on input line 1374.
Package xcolor Info: Model `Gray' substituted by `gray' on input line 1375.
Package xcolor Info: Model `wave' substituted by `hsb' on input line 1376.
) (/Users/kwangjong/Library/Application Support/MiKTeX/texmfs/install/tex/generic/pgf/basiclayer/pgfcore.code.tex
Package: pgfcore 2023-01-15 v3.1.10 (3.1.10)
 (/Users/kwangjong/Library/Application Support/MiKTeX/texmfs/install/tex/generic/pgf/math/pgfmath.code.tex (/Users/kwangjong/Library/Application Support/MiKTeX/texmfs/install/tex/generic/pgf/math/pgfmathutil.code.tex) (/Users/kwangjong/Library/Application Support/MiKTeX/texmfs/install/tex/generic/pgf/math/pgfmathparser.code.tex
\pgfmath@dimen=\dimen180
\pgfmath@count=\count323
\pgfmath@box=\box55
\pgfmath@toks=\toks42
\pgfmath@stack@operand=\toks43
\pgfmath@stack@operation=\toks44
) (/Users/kwangjong/Library/Application Support/MiKTeX/texmfs/install/tex/generic/pgf/math/pgfmathfunctions.code.tex) (/Users/kwangjong/Library/Application Support/MiKTeX/texmfs/install/tex/generic/pgf/math/pgfmathfunctions.basic.code.tex) (/Users/kwangjong/Library/Application Support/MiKTeX/texmfs/install/tex/generic/pgf/math/pgfmathfunctions.trigonometric.code.tex) (/Users/kwangjong/Library/Application Support/MiKTeX/texmfs/install/tex/generic/pgf/math/pgfmathfunctions.random.code.tex) (/Users/kwangjong/Library/Application Support/MiKTeX/texmfs/install/tex/generic/pgf/math/pgfmathfunctions.comparison.code.tex) (/Users/kwangjong/Library/Application Support/MiKTeX/texmfs/install/tex/generic/pgf/math/pgfmathfunctions.base.code.tex) (/Users/kwangjong/Library/Application Support/MiKTeX/texmfs/install/tex/generic/pgf/math/pgfmathfunctions.round.code.tex) (/Users/kwangjong/Library/Application Support/MiKTeX/texmfs/install/tex/generic/pgf/math/pgfmathfunctions.misc.code.tex) (/Users/kwangjong/Library/Application Support/MiKTeX/texmfs/install/tex/generic/pgf/math/pgfmathfunctions.integerarithmetics.code.tex) (/Users/kwangjong/Library/Application Support/MiKTeX/texmfs/install/tex/generic/pgf/math/pgfmathcalc.code.tex) (/Users/kwangjong/Library/Application Support/MiKTeX/texmfs/install/tex/generic/pgf/math/pgfmathfloat.code.tex
\c@pgfmathroundto@lastzeros=\count324
)) (/Users/kwangjong/Library/Application Support/MiKTeX/texmfs/install/tex/generic/pgf/math/pgfint.code.tex) (/Users/kwangjong/Library/Application Support/MiKTeX/texmfs/install/tex/generic/pgf/basiclayer/pgfcorepoints.code.tex
File: pgfcorepoints.code.tex 2023-01-15 v3.1.10 (3.1.10)
\pgf@picminx=\dimen181
\pgf@picmaxx=\dimen182
\pgf@picminy=\dimen183
\pgf@picmaxy=\dimen184
\pgf@pathminx=\dimen185
\pgf@pathmaxx=\dimen186
\pgf@pathminy=\dimen187
\pgf@pathmaxy=\dimen188
\pgf@xx=\dimen189
\pgf@xy=\dimen190
\pgf@yx=\dimen191
\pgf@yy=\dimen192
\pgf@zx=\dimen193
\pgf@zy=\dimen194
) (/Users/kwangjong/Library/Application Support/MiKTeX/texmfs/install/tex/generic/pgf/basiclayer/pgfcorepathconstruct.code.tex
File: pgfcorepathconstruct.code.tex 2023-01-15 v3.1.10 (3.1.10)
\pgf@path@lastx=\dimen195
\pgf@path@lasty=\dimen196
) (/Users/kwangjong/Library/Application Support/MiKTeX/texmfs/install/tex/generic/pgf/basiclayer/pgfcorepathusage.code.tex
File: pgfcorepathusage.code.tex 2023-01-15 v3.1.10 (3.1.10)
\pgf@shorten@end@additional=\dimen197
\pgf@shorten@start@additional=\dimen198
) (/Users/kwangjong/Library/Application Support/MiKTeX/texmfs/install/tex/generic/pgf/basiclayer/pgfcorescopes.code.tex
File: pgfcorescopes.code.tex 2023-01-15 v3.1.10 (3.1.10)
\pgfpic=\box56
\pgf@hbox=\box57
\pgf@layerbox@main=\box58
\pgf@picture@serial@count=\count325
) (/Users/kwangjong/Library/Application Support/MiKTeX/texmfs/install/tex/generic/pgf/basiclayer/pgfcoregraphicstate.code.tex
File: pgfcoregraphicstate.code.tex 2023-01-15 v3.1.10 (3.1.10)
\pgflinewidth=\dimen199
) (/Users/kwangjong/Library/Application Support/MiKTeX/texmfs/install/tex/generic/pgf/basiclayer/pgfcoretransformations.code.tex
File: pgfcoretransformations.code.tex 2023-01-15 v3.1.10 (3.1.10)
\pgf@pt@x=\dimen256
\pgf@pt@y=\dimen257
\pgf@pt@temp=\dimen258
) (/Users/kwangjong/Library/Application Support/MiKTeX/texmfs/install/tex/generic/pgf/basiclayer/pgfcorequick.code.tex
File: pgfcorequick.code.tex 2023-01-15 v3.1.10 (3.1.10)
) (/Users/kwangjong/Library/Application Support/MiKTeX/texmfs/install/tex/generic/pgf/basiclayer/pgfcoreobjects.code.tex
File: pgfcoreobjects.code.tex 2023-01-15 v3.1.10 (3.1.10)
) (/Users/kwangjong/Library/Application Support/MiKTeX/texmfs/install/tex/generic/pgf/basiclayer/pgfcorepathprocessing.code.tex
File: pgfcorepathprocessing.code.tex 2023-01-15 v3.1.10 (3.1.10)
) (/Users/kwangjong/Library/Application Support/MiKTeX/texmfs/install/tex/generic/pgf/basiclayer/pgfcorearrows.code.tex
File: pgfcorearrows.code.tex 2023-01-15 v3.1.10 (3.1.10)
\pgfarrowsep=\dimen259
) (/Users/kwangjong/Library/Application Support/MiKTeX/texmfs/install/tex/generic/pgf/basiclayer/pgfcoreshade.code.tex
File: pgfcoreshade.code.tex 2023-01-15 v3.1.10 (3.1.10)
\pgf@max=\dimen260
\pgf@sys@shading@range@num=\count326
\pgf@shadingcount=\count327
) (/Users/kwangjong/Library/Application Support/MiKTeX/texmfs/install/tex/generic/pgf/basiclayer/pgfcoreimage.code.tex
File: pgfcoreimage.code.tex 2023-01-15 v3.1.10 (3.1.10)
) (/Users/kwangjong/Library/Application Support/MiKTeX/texmfs/install/tex/generic/pgf/basiclayer/pgfcoreexternal.code.tex
File: pgfcoreexternal.code.tex 2023-01-15 v3.1.10 (3.1.10)
\pgfexternal@startupbox=\box59
) (/Users/kwangjong/Library/Application Support/MiKTeX/texmfs/install/tex/generic/pgf/basiclayer/pgfcorelayers.code.tex
File: pgfcorelayers.code.tex 2023-01-15 v3.1.10 (3.1.10)
) (/Users/kwangjong/Library/Application Support/MiKTeX/texmfs/install/tex/generic/pgf/basiclayer/pgfcoretransparency.code.tex
File: pgfcoretransparency.code.tex 2023-01-15 v3.1.10 (3.1.10)
) (/Users/kwangjong/Library/Application Support/MiKTeX/texmfs/install/tex/generic/pgf/basiclayer/pgfcorepatterns.code.tex
File: pgfcorepatterns.code.tex 2023-01-15 v3.1.10 (3.1.10)
) (/Users/kwangjong/Library/Application Support/MiKTeX/texmfs/install/tex/generic/pgf/basiclayer/pgfcorerdf.code.tex
File: pgfcorerdf.code.tex 2023-01-15 v3.1.10 (3.1.10)
))) (/Users/kwangjong/Library/Application Support/MiKTeX/texmfs/install/tex/generic/pgf/modules/pgfmoduleshapes.code.tex
File: pgfmoduleshapes.code.tex 2023-01-15 v3.1.10 (3.1.10)
\pgfnodeparttextbox=\box60
) (/Users/kwangjong/Library/Application Support/MiKTeX/texmfs/install/tex/generic/pgf/modules/pgfmoduleplot.code.tex
File: pgfmoduleplot.code.tex 2023-01-15 v3.1.10 (3.1.10)
) (/Users/kwangjong/Library/Application Support/MiKTeX/texmfs/install/tex/latex/pgf/compatibility/pgfcomp-version-0-65.sty
Package: pgfcomp-version-0-65 2023-01-15 v3.1.10 (3.1.10)
\pgf@nodesepstart=\dimen261
\pgf@nodesepend=\dimen262
) (/Users/kwangjong/Library/Application Support/MiKTeX/texmfs/install/tex/latex/pgf/compatibility/pgfcomp-version-1-18.sty
Package: pgfcomp-version-1-18 2023-01-15 v3.1.10 (3.1.10)
)) (/Users/kwangjong/Library/Application Support/MiKTeX/texmfs/install/tex/latex/pgf/utilities/pgffor.sty (/Users/kwangjong/Library/Application Support/MiKTeX/texmfs/install/tex/latex/pgf/utilities/pgfkeys.sty (/Users/kwangjong/Library/Application Support/MiKTeX/texmfs/install/tex/generic/pgf/utilities/pgfkeys.code.tex)) (/Users/kwangjong/Library/Application Support/MiKTeX/texmfs/install/tex/latex/pgf/math/pgfmath.sty (/Users/kwangjong/Library/Application Support/MiKTeX/texmfs/install/tex/generic/pgf/math/pgfmath.code.tex)) (/Users/kwangjong/Library/Application Support/MiKTeX/texmfs/install/tex/generic/pgf/utilities/pgffor.code.tex
Package: pgffor 2023-01-15 v3.1.10 (3.1.10)
\pgffor@iter=\dimen263
\pgffor@skip=\dimen264
\pgffor@stack=\toks45
\pgffor@toks=\toks46
)) (/Users/kwangjong/Library/Application Support/MiKTeX/texmfs/install/tex/generic/pgf/frontendlayer/tikz/tikz.code.tex
Package: tikz 2023-01-15 v3.1.10 (3.1.10)
 (/Users/kwangjong/Library/Application Support/MiKTeX/texmfs/install/tex/generic/pgf/libraries/pgflibraryplothandlers.code.tex
File: pgflibraryplothandlers.code.tex 2023-01-15 v3.1.10 (3.1.10)
\pgf@plot@mark@count=\count328
\pgfplotmarksize=\dimen265
)
\tikz@lastx=\dimen266
\tikz@lasty=\dimen267
\tikz@lastxsaved=\dimen268
\tikz@lastysaved=\dimen269
\tikz@lastmovetox=\dimen270
\tikz@lastmovetoy=\dimen271
\tikzleveldistance=\dimen272
\tikzsiblingdistance=\dimen273
\tikz@figbox=\box61
\tikz@figbox@bg=\box62
\tikz@tempbox=\box63
\tikz@tempbox@bg=\box64
\tikztreelevel=\count329
\tikznumberofchildren=\count330
\tikznumberofcurrentchild=\count331
\tikz@fig@count=\count332
 (/Users/kwangjong/Library/Application Support/MiKTeX/texmfs/install/tex/generic/pgf/modules/pgfmodulematrix.code.tex
File: pgfmodulematrix.code.tex 2023-01-15 v3.1.10 (3.1.10)
\pgfmatrixcurrentrow=\count333
\pgfmatrixcurrentcolumn=\count334
\pgf@matrix@numberofcolumns=\count335
)
\tikz@expandcount=\count336
 (/Users/kwangjong/Library/Application Support/MiKTeX/texmfs/install/tex/generic/pgf/frontendlayer/tikz/libraries/tikzlibrarytopaths.code.tex
File: tikzlibrarytopaths.code.tex 2023-01-15 v3.1.10 (3.1.10)
))) (/Users/kwangjong/Library/Application Support/MiKTeX/texmfs/install/tex/generic/pgf/frontendlayer/tikz/libraries/tikzlibraryshapes.code.tex
File: tikzlibraryshapes.code.tex 2023-01-15 v3.1.10 (3.1.10)
 (/Users/kwangjong/Library/Application Support/MiKTeX/texmfs/install/tex/generic/pgf/frontendlayer/tikz/libraries/tikzlibraryshapes.geometric.code.tex
File: tikzlibraryshapes.geometric.code.tex 2023-01-15 v3.1.10 (3.1.10)
 (/Users/kwangjong/Library/Application Support/MiKTeX/texmfs/install/tex/generic/pgf/libraries/shapes/pgflibraryshapes.geometric.code.tex
File: pgflibraryshapes.geometric.code.tex 2023-01-15 v3.1.10 (3.1.10)
)) (/Users/kwangjong/Library/Application Support/MiKTeX/texmfs/install/tex/generic/pgf/frontendlayer/tikz/libraries/tikzlibraryshapes.misc.code.tex
File: tikzlibraryshapes.misc.code.tex 2023-01-15 v3.1.10 (3.1.10)
 (/Users/kwangjong/Library/Application Support/MiKTeX/texmfs/install/tex/generic/pgf/libraries/shapes/pgflibraryshapes.misc.code.tex
File: pgflibraryshapes.misc.code.tex 2023-01-15 v3.1.10 (3.1.10)
))
(/Users/kwangjong/Library/Application Support/MiKTeX/texmfs/install/tex/generic/pgf/frontendlayer/tikz/libraries/tikzlibraryshapes.symbols.code.tex
File: tikzlibraryshapes.symbols.code.tex 2023-01-15 v3.1.10 (3.1.10)
 (/Users/kwangjong/Library/Application Support/MiKTeX/texmfs/install/tex/generic/pgf/libraries/shapes/pgflibraryshapes.symbols.code.tex
File: pgflibraryshapes.symbols.code.tex 2023-01-15 v3.1.10 (3.1.10)
)) (/Users/kwangjong/Library/Application Support/MiKTeX/texmfs/install/tex/generic/pgf/frontendlayer/tikz/libraries/tikzlibraryshapes.arrows.code.tex
File: tikzlibraryshapes.arrows.code.tex 2023-01-15 v3.1.10 (3.1.10)
 (/Users/kwangjong/Library/Application Support/MiKTeX/texmfs/install/tex/generic/pgf/libraries/shapes/pgflibraryshapes.arrows.code.tex
File: pgflibraryshapes.arrows.code.tex 2023-01-15 v3.1.10 (3.1.10)
)) (/Users/kwangjong/Library/Application Support/MiKTeX/texmfs/install/tex/generic/pgf/frontendlayer/tikz/libraries/tikzlibraryshapes.callouts.code.tex (/Users/kwangjong/Library/Application Support/MiKTeX/texmfs/install/tex/generic/pgf/libraries/shapes/pgflibraryshapes.callouts.code.tex)) (/Users/kwangjong/Library/Application Support/MiKTeX/texmfs/install/tex/generic/pgf/frontendlayer/tikz/libraries/tikzlibraryshapes.multipart.code.tex
File: tikzlibraryshapes.multipart.code.tex 2023-01-15 v3.1.10 (3.1.10)
 (/Users/kwangjong/Library/Application Support/MiKTeX/texmfs/install/tex/generic/pgf/libraries/shapes/pgflibraryshapes.multipart.code.tex
File: pgflibraryshapes.multipart.code.tex 2023-01-15 v3.1.10 (3.1.10)
\pgfnodepartlowerbox=\box65
\pgfnodeparttwobox=\box66
\pgfnodepartthreebox=\box67
\pgfnodepartfourbox=\box68
\pgfnodeparttwentybox=\box69
\pgfnodepartnineteenbox=\box70
\pgfnodeparteighteenbox=\box71
\pgfnodepartseventeenbox=\box72
\pgfnodepartsixteenbox=\box73
\pgfnodepartfifteenbox=\box74
\pgfnodepartfourteenbox=\box75
\pgfnodepartthirteenbox=\box76
\pgfnodeparttwelvebox=\box77
\pgfnodepartelevenbox=\box78
\pgfnodeparttenbox=\box79
\pgfnodepartninebox=\box80
\pgfnodeparteightbox=\box81
\pgfnodepartsevenbox=\box82
\pgfnodepartsixbox=\box83
\pgfnodepartfivebox=\box84
))) (/Users/kwangjong/Library/Application Support/MiKTeX/texmfs/install/tex/generic/pgf/frontendlayer/tikz/libraries/tikzlibraryfit.code.tex
File: tikzlibraryfit.code.tex 2023-01-15 v3.1.10 (3.1.10)
) (/Users/kwangjong/Library/Application Support/MiKTeX/texmfs/install/tex/generic/pgf/frontendlayer/tikz/libraries/tikzlibrarycalc.code.tex
File: tikzlibrarycalc.code.tex 2023-01-15 v3.1.10 (3.1.10)
) (/Users/kwangjong/Library/Application Support/MiKTeX/texmfs/install/tex/generic/pgf/libraries/pgflibraryintersections.code.tex (/Users/kwangjong/Library/Application Support/MiKTeX/texmfs/install/tex/generic/pgf/libraries/pgflibraryfpu.code.tex)
\pgf@intersect@solutions=\count337
) (/Users/kwangjong/Library/Application Support/MiKTeX/texmfs/install/tex/latex/pgfopts/pgfopts.sty
Package: pgfopts 2014/07/10 v2.1a LaTeX package options with pgfkeys
\pgfopts@list@add@a@toks=\toks47
\pgfopts@list@add@b@toks=\toks48
) (/Users/kwangjong/Library/Application Support/MiKTeX/texmfs/install/tex/latex/etoolbox/etoolbox.sty
Package: etoolbox 2020/10/05 v2.5k e-TeX tools for LaTeX (JAW)
\etb@tempcnta=\count338
) (/Users/kwangjong/Library/Application Support/MiKTeX/texmfs/install/tex/latex/elocalloc/elocalloc.sty
Package: elocalloc 2016/12/15 v0.03 local allocation for LaTeX 2015+ (DPC)
) (/Users/kwangjong/Library/Application Support/MiKTeX/texmfs/install/tex/latex/environ/environ.sty
Package: environ 2014/05/04 v0.3 A new way to define environments
 (/Users/kwangjong/Library/Application Support/MiKTeX/texmfs/install/tex/latex/trimspaces/trimspaces.sty
Package: trimspaces 2009/09/17 v1.1 Trim spaces around a token list
)) (/Users/kwangjong/Library/Application Support/MiKTeX/texmfs/install/tex/latex/l3packages/xparse/xparse.sty (/Users/kwangjong/Library/Application Support/MiKTeX/texmfs/install/tex/latex/l3kernel/expl3.sty
Package: expl3 2023-01-24 L3 programming layer (loader) 
 (/Users/kwangjong/Library/Application Support/MiKTeX/texmfs/install/tex/latex/l3backend/l3backend-pdftex.def
File: l3backend-pdftex.def 2023-01-16 L3 backend support: PDF output (pdfTeX)
\l__color_backend_stack_int=\count339
\l__pdf_internal_box=\box85
))
Package: xparse 2023-01-16 L3 Experimental document command parser
) (/Users/kwangjong/Library/Application Support/MiKTeX/texmfs/install/tex/latex/inlinedef/inlinedef.sty
Package: inlinedef 2008/07/10 v1.0 Inlined expansions within definitions
\ID@toks=\toks49
\ID@count=\count340
)
\ID@usercommands=\toks50
\safeloop@depth=\count341
\safeRKloop@depth=\count342
\forest@temp@dimen=\dimen274
\forest@temp@count=\count343
\forest@n=\count344
\forest@temp@global@count=\count345
\forest@temp@toks=\toks51
\forest@temparray@M=\count346
\forest@temparray@N=\count347
\forest@global@temparray@M=\count348
\forest@global@temparray@N=\count349
\forest@isnum@count=\count350
\forest@isdim@nonintpart=\count351
\forest@isdim@dimen=\dimen275
\forest@sort@m=\count352
\forest@sort@k=\count353
\forest@sort@p=\count354
\bracket@content=\toks52
\bracket@afterthought=\toks53
\forest@node@maxid=\count355
\forest@process@left@M=\count356
\forest@process@left@N=\count357
\forest@process@right@M=\count358
\forest@process@right@N=\count359
\forest@process@saved@M=\count360
\forest@process@saved@N=\count361
\forest@process@result@M=\count362
\forest@process@result@N=\count363
\forest@process@n=\count364
\forest@nodewalk@branch@toks=\toks54
\forest@nodewalk@shortsteps@resolution=\toks55
\forest@do@dynamics=\toks56
\forest@box=\box86
\forest@xg=\dimen276
\forest@yg=\dimen277
\forest@xs=\dimen278
\forest@ys=\dimen279
\forest@pi@toks=\toks57
\forest@segment@toks=\toks58
\forest@PIi@toks=\toks59
\forest@PIii@toks=\toks60
\forest@copy@in=\read3
\forest@copy@out=\write4
\forest@externalize@max@outer@n=\count365
\forest@externalize@inner@n=\count366
) (/Users/kwangjong/Library/Application Support/MiKTeX/texmfs/install/tex/latex/tkz-graph/tkz-graph.sty
2021/01/20 v 2.00 tkz-graph.sty
Package: tkz-graph 2021/01/20 2.00 base for graphs
(/Users/kwangjong/Library/Application Support/MiKTeX/texmfs/install/tex/latex/xkeyval/xkeyval.sty
Package: xkeyval 2022/06/16 v2.9 package option processing (HA)
 (/Users/kwangjong/Library/Application Support/MiKTeX/texmfs/install/tex/generic/xkeyval/xkeyval.tex (/Users/kwangjong/Library/Application Support/MiKTeX/texmfs/install/tex/generic/xkeyval/xkvutils.tex
\XKV@toks=\toks61
\XKV@tempa@toks=\toks62
)
\XKV@depth=\count367
File: xkeyval.tex 2014/12/03 v2.7a key=value parser (HA)
)) (/Users/kwangjong/Library/Application Support/MiKTeX/texmfs/install/tex/generic/pgf/frontendlayer/tikz/libraries/tikzlibraryarrows.code.tex
File: tikzlibraryarrows.code.tex 2023-01-15 v3.1.10 (3.1.10)
 (/Users/kwangjong/Library/Application Support/MiKTeX/texmfs/install/tex/generic/pgf/libraries/pgflibraryarrows.code.tex
File: pgflibraryarrows.code.tex 2023-01-15 v3.1.10 (3.1.10)
\arrowsize=\dimen280
))
\c@tkz@gr@a=\count368
\c@tkz@gr@b=\count369
\c@tkz@gr@c=\count370
\c@tkz@gr@e=\count371
\c@tkz@gr@d=\count372
\c@tkz@gr@p=\count373
\c@tkz@gr@i=\count374
\c@tkz@gr@n=\count375
\c@tkz@gr@ta=\count376
\c@tkz@gr@tb=\count377
) (/Users/kwangjong/Library/Application Support/MiKTeX/texmfs/install/tex/latex/algorithm2e/algorithm2e.sty
Package: algorithm2e 2017/07/18 v5.2 algorithms environments
\c@AlgoLine=\count378
\algocf@hangindent=\skip81
 (/Users/kwangjong/Library/Application Support/MiKTeX/texmfs/install/tex/latex/ifoddpage/ifoddpage.sty
Package: ifoddpage 2022/10/18 v1.2 Conditionals for odd/even page detection
\c@checkoddpage=\count379
) (/Users/kwangjong/Library/Application Support/MiKTeX/texmfs/install/tex/latex/tools/xspace.sty
Package: xspace 2014/10/28 v1.13 Space after command names (DPC,MH)
) (/Users/kwangjong/Library/Application Support/MiKTeX/texmfs/install/tex/latex/relsize/relsize.sty
Package: relsize 2013/03/29 ver 4.1
)
\skiptotal=\skip82
\skiplinenumber=\skip83
\skiprule=\skip84
\skiphlne=\skip85
\skiptext=\skip86
\skiplength=\skip87
\algomargin=\skip88
\skipalgocfslide=\skip89
\algowidth=\dimen281
\inoutsize=\dimen282
\inoutindent=\dimen283
\interspacetitleruled=\dimen284
\interspacealgoruled=\dimen285
\interspacetitleboxruled=\dimen286
\algocf@ruledwidth=\skip90
\algocf@inoutbox=\box87
\algocf@inputbox=\box88
\AlCapSkip=\skip91
\AlCapHSkip=\skip92
\algoskipindent=\skip93
\algocf@nlbox=\box89
\algocf@hangingbox=\box90
\algocf@untilbox=\box91
\algocf@skipuntil=\skip94
\algocf@capbox=\box92
\algocf@lcaptionbox=\skip95
\algoheightruledefault=\skip96
\algoheightrule=\skip97
\algotitleheightruledefault=\skip98
\algotitleheightrule=\skip99
\c@algocfline=\count380
\c@algocfproc=\count381
\c@algocf=\count382
\algocf@algoframe=\box93
\algocf@algobox=\box94
) (/Users/kwangjong/Library/Application Support/MiKTeX/texmfs/install/tex/latex/tools/multicol.sty
Package: multicol 2021/11/30 v1.9d multicolumn formatting (FMi)
\c@tracingmulticols=\count383
\mult@box=\box95
\multicol@leftmargin=\dimen287
\c@unbalance=\count384
\c@collectmore=\count385
\doublecol@number=\count386
\multicoltolerance=\count387
\multicolpretolerance=\count388
\full@width=\dimen288
\page@free=\dimen289
\premulticols=\dimen290
\postmulticols=\dimen291
\multicolsep=\skip100
\multicolbaselineskip=\skip101
\partial@page=\box96
\last@line=\box97
\maxbalancingoverflow=\dimen292
\mult@rightbox=\box98
\mult@grightbox=\box99
\mult@firstbox=\box100
\mult@gfirstbox=\box101
\@tempa=\box102
\@tempa=\box103
\@tempa=\box104
\@tempa=\box105
\@tempa=\box106
\@tempa=\box107
\@tempa=\box108
\@tempa=\box109
\@tempa=\box110
\@tempa=\box111
\@tempa=\box112
\@tempa=\box113
\@tempa=\box114
\@tempa=\box115
\@tempa=\box116
\@tempa=\box117
\@tempa=\box118
\@tempa=\box119
\@tempa=\box120
\@tempa=\box121
\@tempa=\box122
\@tempa=\box123
\@tempa=\box124
\@tempa=\box125
\@tempa=\box126
\@tempa=\box127
\@tempa=\box128
\@tempa=\box129
\@tempa=\box130
\@tempa=\box131
\@tempa=\box132
\@tempa=\box133
\@tempa=\box134
\@tempa=\box135
\@tempa=\box136
\@tempa=\box137
\c@minrows=\count389
\c@columnbadness=\count390
\c@finalcolumnbadness=\count391
\last@try=\dimen293
\multicolovershoot=\dimen294
\multicolundershoot=\dimen295
\mult@nat@firstbox=\box138
\colbreak@box=\box139
\mc@col@check@num=\count392
) (/Users/kwangjong/Library/Application Support/MiKTeX/texmfs/install/tex/latex/listings/listings.sty
\lst@mode=\count393
\lst@gtempboxa=\box140
\lst@token=\toks63
\lst@length=\count394
\lst@currlwidth=\dimen296
\lst@column=\count395
\lst@pos=\count396
\lst@lostspace=\dimen297
\lst@width=\dimen298
\lst@newlines=\count397
\lst@lineno=\count398
\lst@maxwidth=\dimen299
 (/Users/kwangjong/Library/Application Support/MiKTeX/texmfs/install/tex/latex/listings/lstmisc.sty
File: lstmisc.sty 2020/03/24 1.8d (Carsten Heinz)
\c@lstnumber=\count399
\lst@skipnumbers=\count400
\lst@framebox=\box141
) (/Users/kwangjong/Library/Application Support/MiKTeX/texmfs/install/tex/latex/listings/listings.cfg
File: listings.cfg 2020/03/24 1.8d listings configuration
))
Package: listings 2020/03/24 1.8d (Carsten Heinz)
 (/Users/kwangjong/Library/Application Support/MiKTeX/texmfs/install/tex/latex/hyperref/hyperref.sty
Package: hyperref 2022-11-13 v7.00u Hypertext links for LaTeX
 (/Users/kwangjong/Library/Application Support/MiKTeX/texmfs/install/tex/generic/ltxcmds/ltxcmds.sty
Package: ltxcmds 2020-05-10 v1.25 LaTeX kernel commands for general use (HO)
) (/Users/kwangjong/Library/Application Support/MiKTeX/texmfs/install/tex/generic/iftex/iftex.sty
Package: iftex 2022/02/03 v1.0f TeX engine tests
) (/Users/kwangjong/Library/Application Support/MiKTeX/texmfs/install/tex/generic/pdftexcmds/pdftexcmds.sty
Package: pdftexcmds 2020-06-27 v0.33 Utility functions of pdfTeX for LuaTeX (HO)
 (/Users/kwangjong/Library/Application Support/MiKTeX/texmfs/install/tex/generic/infwarerr/infwarerr.sty
Package: infwarerr 2019/12/03 v1.5 Providing info/warning/error messages (HO)
)
Package pdftexcmds Info: \pdf@primitive is available.
Package pdftexcmds Info: \pdf@ifprimitive is available.
Package pdftexcmds Info: \pdfdraftmode found.
) (/Users/kwangjong/Library/Application Support/MiKTeX/texmfs/install/tex/latex/kvsetkeys/kvsetkeys.sty
Package: kvsetkeys 2022-10-05 v1.19 Key value parser (HO)
) (/Users/kwangjong/Library/Application Support/MiKTeX/texmfs/install/tex/generic/kvdefinekeys/kvdefinekeys.sty
Package: kvdefinekeys 2019-12-19 v1.6 Define keys (HO)
) (/Users/kwangjong/Library/Application Support/MiKTeX/texmfs/install/tex/generic/pdfescape/pdfescape.sty
Package: pdfescape 2019/12/09 v1.15 Implements pdfTeX's escape features (HO)
) (/Users/kwangjong/Library/Application Support/MiKTeX/texmfs/install/tex/latex/hycolor/hycolor.sty
Package: hycolor 2020-01-27 v1.10 Color options for hyperref/bookmark (HO)
) (/Users/kwangjong/Library/Application Support/MiKTeX/texmfs/install/tex/latex/letltxmacro/letltxmacro.sty
Package: letltxmacro 2019/12/03 v1.6 Let assignment for LaTeX macros (HO)
) (/Users/kwangjong/Library/Application Support/MiKTeX/texmfs/install/tex/latex/auxhook/auxhook.sty
Package: auxhook 2019-12-17 v1.6 Hooks for auxiliary files (HO)
) (/Users/kwangjong/Library/Application Support/MiKTeX/texmfs/install/tex/latex/hyperref/nameref.sty
Package: nameref 2022-05-17 v2.50 Cross-referencing by name of section
 (/Users/kwangjong/Library/Application Support/MiKTeX/texmfs/install/tex/latex/refcount/refcount.sty
Package: refcount 2019/12/15 v3.6 Data extraction from label references (HO)
) (/Users/kwangjong/Library/Application Support/MiKTeX/texmfs/install/tex/generic/gettitlestring/gettitlestring.sty
Package: gettitlestring 2019/12/15 v1.6 Cleanup title references (HO)
 (/Users/kwangjong/Library/Application Support/MiKTeX/texmfs/install/tex/latex/kvoptions/kvoptions.sty
Package: kvoptions 2022-06-15 v3.15 Key value format for package options (HO)
))
\c@section@level=\count401
)
\@linkdim=\dimen300
\Hy@linkcounter=\count402
\Hy@pagecounter=\count403
 (/Users/kwangjong/Library/Application Support/MiKTeX/texmfs/install/tex/latex/hyperref/pd1enc.def
File: pd1enc.def 2022-11-13 v7.00u Hyperref: PDFDocEncoding definition (HO)
Now handling font encoding PD1 ...
... no UTF-8 mapping file for font encoding PD1
) (/Users/kwangjong/Library/Application Support/MiKTeX/texmfs/install/tex/generic/intcalc/intcalc.sty
Package: intcalc 2019/12/15 v1.3 Expandable calculations with integers (HO)
) (/Users/kwangjong/Library/Application Support/MiKTeX/texmfs/install/tex/generic/etexcmds/etexcmds.sty
Package: etexcmds 2019/12/15 v1.7 Avoid name clashes with e-TeX commands (HO)
)
\Hy@SavedSpaceFactor=\count404
 (/Users/kwangjong/Library/Application Support/MiKTeX/texmfs/install/tex/latex/hyperref/puenc.def
File: puenc.def 2022-11-13 v7.00u Hyperref: PDF Unicode definition (HO)
Now handling font encoding PU ...
... no UTF-8 mapping file for font encoding PU
)
Package hyperref Info: Hyper figures OFF on input line 4162.
Package hyperref Info: Link nesting OFF on input line 4167.
Package hyperref Info: Hyper index ON on input line 4170.
Package hyperref Info: Plain pages OFF on input line 4177.
Package hyperref Info: Backreferencing OFF on input line 4182.
Package hyperref Info: Implicit mode ON; LaTeX internals redefined.
Package hyperref Info: Bookmarks ON on input line 4410.
\c@Hy@tempcnt=\count405
 (/Users/kwangjong/Library/Application Support/MiKTeX/texmfs/install/tex/latex/url/url.sty
\Urlmuskip=\muskip17
Package: url 2013/09/16  ver 3.4  Verb mode for urls, etc.
)
LaTeX Info: Redefining \url on input line 4748.
\XeTeXLinkMargin=\dimen301
 (/Users/kwangjong/Library/Application Support/MiKTeX/texmfs/install/tex/generic/bitset/bitset.sty
Package: bitset 2019/12/09 v1.3 Handle bit-vector datatype (HO)
 (/Users/kwangjong/Library/Application Support/MiKTeX/texmfs/install/tex/generic/bigintcalc/bigintcalc.sty
Package: bigintcalc 2019/12/15 v1.5 Expandable calculations on big integers (HO)
))
\Fld@menulength=\count406
\Field@Width=\dimen302
\Fld@charsize=\dimen303
Package hyperref Info: Hyper figures OFF on input line 6027.
Package hyperref Info: Link nesting OFF on input line 6032.
Package hyperref Info: Hyper index ON on input line 6035.
Package hyperref Info: backreferencing OFF on input line 6042.
Package hyperref Info: Link coloring OFF on input line 6047.
Package hyperref Info: Link coloring with OCG OFF on input line 6052.
Package hyperref Info: PDF/A mode OFF on input line 6057.
 (/Users/kwangjong/Library/Application Support/MiKTeX/texmfs/install/tex/latex/base/atbegshi-ltx.sty
Package: atbegshi-ltx 2021/01/10 v1.0c Emulation of the original atbegshi
package with kernel methods
)
\Hy@abspage=\count407
\c@Item=\count408
\c@Hfootnote=\count409
)
Package hyperref Info: Driver (autodetected): hpdftex.
 (/Users/kwangjong/Library/Application Support/MiKTeX/texmfs/install/tex/latex/hyperref/hpdftex.def
File: hpdftex.def 2022-11-13 v7.00u Hyperref driver for pdfTeX
 (/Users/kwangjong/Library/Application Support/MiKTeX/texmfs/install/tex/latex/base/atveryend-ltx.sty
Package: atveryend-ltx 2020/08/19 v1.0a Emulation of the original atveryend package
with kernel methods
)
\Fld@listcount=\count410
\c@bookmark@seq@number=\count411
 (/Users/kwangjong/Library/Application Support/MiKTeX/texmfs/install/tex/latex/rerunfilecheck/rerunfilecheck.sty
Package: rerunfilecheck 2022-07-10 v1.10 Rerun checks for auxiliary files (HO)
 (/Users/kwangjong/Library/Application Support/MiKTeX/texmfs/install/tex/generic/uniquecounter/uniquecounter.sty
Package: uniquecounter 2019/12/15 v1.4 Provide unlimited unique counter (HO)
)
Package uniquecounter Info: New unique counter `rerunfilecheck' on input line 285.
)
\Hy@SectionHShift=\skip102
)

LaTeX Warning: Unused global option(s):
    [solutionorbox].

(hw1_source.aux)
\openout1 = `hw1_source.aux'.

LaTeX Font Info:    Checking defaults for OML/cmm/m/it on input line 44.
LaTeX Font Info:    ... okay on input line 44.
LaTeX Font Info:    Checking defaults for OMS/cmsy/m/n on input line 44.
LaTeX Font Info:    ... okay on input line 44.
LaTeX Font Info:    Checking defaults for OT1/cmr/m/n on input line 44.
LaTeX Font Info:    ... okay on input line 44.
LaTeX Font Info:    Checking defaults for T1/cmr/m/n on input line 44.
LaTeX Font Info:    ... okay on input line 44.
LaTeX Font Info:    Checking defaults for TS1/cmr/m/n on input line 44.
LaTeX Font Info:    ... okay on input line 44.
LaTeX Font Info:    Checking defaults for OMX/cmex/m/n on input line 44.
LaTeX Font Info:    ... okay on input line 44.
LaTeX Font Info:    Checking defaults for U/cmr/m/n on input line 44.
LaTeX Font Info:    ... okay on input line 44.
LaTeX Font Info:    Checking defaults for PD1/pdf/m/n on input line 44.
LaTeX Font Info:    ... okay on input line 44.
LaTeX Font Info:    Checking defaults for PU/pdf/m/n on input line 44.
LaTeX Font Info:    ... okay on input line 44.
 (/Users/kwangjong/Library/Application Support/MiKTeX/texmfs/install/tex/context/base/mkii/supp-pdf.mkii
[Loading MPS to PDF converter (version 2006.09.02).]
\scratchcounter=\count412
\scratchdimen=\dimen304
\scratchbox=\box142
\nofMPsegments=\count413
\nofMParguments=\count414
\everyMPshowfont=\toks64
\MPscratchCnt=\count415
\MPscratchDim=\dimen305
\MPnumerator=\count416
\makeMPintoPDFobject=\count417
\everyMPtoPDFconversion=\toks65
) (/Users/kwangjong/Library/Application Support/MiKTeX/texmfs/install/tex/latex/epstopdf-pkg/epstopdf-base.sty
Package: epstopdf-base 2020-01-24 v2.11 Base part for package epstopdf
Package epstopdf-base Info: Redefining graphics rule for `.eps' on input line 485.
 (/Users/kwangjong/Library/Application Support/MiKTeX/texmfs/install/tex/latex/00miktex/epstopdf-sys.cfg
File: epstopdf-sys.cfg 2021/03/18 v2.0 Configuration of epstopdf for MiKTeX
))
\c@lstlisting=\count418
Package hyperref Info: Link coloring OFF on input line 44.
 (hw1_source.out) (hw1_source.out)
\@outlinefile=\write5
\openout5 = `hw1_source.out'.

LaTeX Font Info:    Trying to load font information for T1+cmtt on input line 53.
 (/Users/kwangjong/Library/Application Support/MiKTeX/texmfs/install/tex/latex/base/t1cmtt.fd
File: t1cmtt.fd 2022/07/10 v2.5l Standard LaTeX font definitions
)
LaTeX Font Info:    Trying to load font information for U+msa on input line 53.
 (/Users/kwangjong/Library/Application Support/MiKTeX/texmfs/install/tex/latex/amsfonts/umsa.fd
File: umsa.fd 2013/01/14 v3.01 AMS symbols A
)
LaTeX Font Info:    Trying to load font information for U+msb on input line 53.
 (/Users/kwangjong/Library/Application Support/MiKTeX/texmfs/install/tex/latex/amsfonts/umsb.fd
File: umsb.fd 2013/01/14 v3.01 AMS symbols B
)
Overfull \hbox (3.42258pt too wide) in paragraph at lines 56--58
[]  [] 
 []


Underfull \hbox (badness 10000) in paragraph at lines 69--70

 []


Underfull \hbox (badness 10000) in paragraph at lines 90--91

 []


Underfull \hbox (badness 10000) in paragraph at lines 111--112

 []

[1{/Users/kwangjong/Library/Application Support/MiKTeX/texmfs/data/fonts/map/pdftex/pdftex.map}

]
Underfull \hbox (badness 10000) in paragraph at lines 128--129

 []

[2]
Underfull \hbox (badness 10000) in paragraph at lines 169--175

 []


Underfull \hbox (badness 10000) in paragraph at lines 182--188

 []

[3]
Underfull \hbox (badness 10000) in paragraph at lines 251--264

 []


Underfull \hbox (badness 10000) in paragraph at lines 251--264

 []


Underfull \hbox (badness 10000) in paragraph at lines 251--264

 []

[4]
Underfull \hbox (badness 10000) in paragraph at lines 276--279

 []


Underfull \hbox (badness 10000) in paragraph at lines 280--281

 []


Underfull \hbox (badness 10000) in paragraph at lines 282--288

 []


Underfull \hbox (badness 10000) in paragraph at lines 295--297

 []


Underfull \hbox (badness 10000) in paragraph at lines 298--299

 []


Underfull \hbox (badness 10000) in paragraph at lines 300--306

 []


Underfull \hbox (badness 10000) in paragraph at lines 313--315

 []


Underfull \hbox (badness 10000) in paragraph at lines 316--317

 []


Underfull \hbox (badness 10000) in paragraph at lines 318--325

 []


Underfull \hbox (badness 10000) in paragraph at lines 348--377

 []


Underfull \hbox (badness 10000) in paragraph at lines 348--377

 []


Underfull \hbox (badness 10000) in paragraph at lines 348--377

 []


Underfull \hbox (badness 10000) in paragraph at lines 348--377

 []

[5]
Underfull \hbox (badness 10000) in paragraph at lines 384--385

 []


Underfull \hbox (badness 10000) in paragraph at lines 388--390

 []


Underfull \hbox (badness 10000) in paragraph at lines 391--394

 []


Underfull \hbox (badness 10000) in paragraph at lines 402--532

 []


Underfull \hbox (badness 10000) in paragraph at lines 402--532

 []

[6]
Underfull \hbox (badness 10000) in paragraph at lines 539--540

 []


Underfull \hbox (badness 10000) in paragraph at lines 543--545

 []


Underfull \hbox (badness 10000) in paragraph at lines 546--549

 []

[7]
Underfull \hbox (badness 10000) in paragraph at lines 576--584

 []


Underfull \hbox (badness 10000) in paragraph at lines 576--584

 []


Package amsmath Warning: Foreign command \atopwithdelims;
(amsmath)                \frac or \genfrac should be used instead
(amsmath)                 on input line 595.

[8]
Underfull \hbox (badness 10000) in paragraph at lines 647--648

 []


Underfull \hbox (badness 10000) in paragraph at lines 649--650

 []

[9]
Overfull \hbox (38.88184pt too wide) in paragraph at lines 682--696
[]$[]$ 
 []

[10]
Overfull \vbox (25.25377pt too high) has occurred while \output is active []

 [11]
Overfull \hbox (38.88184pt too wide) in paragraph at lines 747--766
[]$[]$ 
 []


Overfull \hbox (9.17796pt too wide) detected at line 803
   [] 
 []

[12] [13] [14] (/Users/kwangjong/Library/Application Support/MiKTeX/texmfs/install/tex/latex/listings/lstlang1.sty
File: lstlang1.sty 2020/03/24 1.8d listings language file
) (/Users/kwangjong/Library/Application Support/MiKTeX/texmfs/install/tex/latex/listings/lstlang2.sty
File: lstlang2.sty 2020/03/24 1.8d listings language file
) (/Users/kwangjong/Library/Application Support/MiKTeX/texmfs/install/tex/latex/listings/lstmisc.sty
File: lstmisc.sty 2020/03/24 1.8d (Carsten Heinz)
)
Package hyperref Info: bookmark level for unknown lstlisting defaults to 0 on input line 933.
 (Makefile.tex
Overfull \hbox (26.7074pt too wide) in paragraph at lines 2--3
[][][][][][][][][][][][][][][][][][][][][][][][][][][][][][][][][][][][][][][][][][][][][][][][][][][][][][][][][][][][][][][][][][][][][][][][][][][][][][] 
 []

) [15] [16]
This exam contains 17 questions with 28 parts, 0 subparts, and 0 subsubparts.
(hw1_source.aux)
Package rerunfilecheck Info: File `hw1_source.out' has not changed.
(rerunfilecheck)             Checksum: D41D8CD98F00B204E9800998ECF8427E;0.
 ) 
Here is how much of TeX's memory you used:
 37263 strings out of 478314
 797957 string characters out of 5838336
 1889305 words of memory out of 5000000
 56808 multiletter control sequences out of 15000+600000
 520373 words of font info for 49 fonts, out of 8000000 for 9000
 0 hyphenation exceptions out of 8191
 120i,19n,118p,1655b,1802s stack positions out of 10000i,1000n,20000p,200000b,200000s
 </Users/kwangjong/Library/Application Support/MiKTeX/texmfs/data/fonts/pk/ljfour/jknappen/ec/dpi600/ecti1000.pk> </Users/kwangjong/Library/Application Support/MiKTeX/texmfs/data/fonts/pk/ljfour/jknappen/ec/dpi600/ecbx1000.pk> </Users/kwangjong/Library/Application Support/MiKTeX/texmfs/data/fonts/pk/ljfour/jknappen/ec/dpi600/ecbx1440.pk> </Users/kwangjong/Library/Application Support/MiKTeX/texmfs/data/fonts/pk/ljfour/jknappen/ec/dpi600/ectt1000.pk> </Users/kwangjong/Library/Application Support/MiKTeX/texmfs/data/fonts/pk/ljfour/jknappen/ec/dpi600/ecrm2074.pk> </Users/kwangjong/Library/Application Support/MiKTeX/texmfs/data/fonts/pk/ljfour/jknappen/ec/dpi600/ecrm1000.pk></Users/kwangjong/Library/Application Support/MiKTeX/texmfs/install/fonts/type1/public/amsfonts/cm/cmex10.pfb></Users/kwangjong/Library/Application Support/MiKTeX/texmfs/install/fonts/type1/public/amsfonts/cm/cmmi10.pfb></Users/kwangjong/Library/Application Support/MiKTeX/texmfs/install/fonts/type1/public/amsfonts/cm/cmmi5.pfb></Users/kwangjong/Library/Application Support/MiKTeX/texmfs/install/fonts/type1/public/amsfonts/cm/cmmi7.pfb></Users/kwangjong/Library/Application Support/MiKTeX/texmfs/install/fonts/type1/public/amsfonts/cm/cmr10.pfb></Users/kwangjong/Library/Application Support/MiKTeX/texmfs/install/fonts/type1/public/amsfonts/cm/cmr5.pfb></Users/kwangjong/Library/Application Support/MiKTeX/texmfs/install/fonts/type1/public/amsfonts/cm/cmr7.pfb></Users/kwangjong/Library/Application Support/MiKTeX/texmfs/install/fonts/type1/public/amsfonts/cm/cmsy10.pfb></Users/kwangjong/Library/Application Support/MiKTeX/texmfs/install/fonts/type1/public/amsfonts/cm/cmsy7.pfb></Users/kwangjong/Library/Application Support/MiKTeX/texmfs/install/fonts/type1/public/amsfonts/symbols/msam10.pfb></Users/kwangjong/Library/Application Support/MiKTeX/texmfs/install/fonts/type1/public/amsfonts/symbols/msbm10.pfb>
Output written on hw1_source.pdf (16 pages, 241569 bytes).
PDF statistics:
 480 PDF objects out of 1000 (max. 8388607)
 112 named destinations out of 1000 (max. 500000)
 13 words of extra memory for PDF output out of 10000 (max. 10000000)

